[35m[Appium][39m Welcome to Appium v2.2.3
[35m[Appium][39m Non-default server args:
[35m[Appium][39m { basePath: [32m'/wd/hub'[39m, loglevel: [32m'info'[39m, port: [33m51537[39m }
[35m[Appium][39m Attempting to load driver xcuitest...
[35m[Appium][39m Attempting to load driver uiautomator2...
[35m[Appium][39m Appium REST http interface listener started on http://0.0.0.0:51537/wd/hub
[35m[Appium][39m You can provide the following URLs in your client code to connect to this server:
[35m[Appium][39m 	http://192.168.0.106:51537/wd/hub
[35m[Appium][39m 	http://127.0.0.1:51537/wd/hub (only accessible from the same host)
[35m[Appium][39m Available drivers:
[35m[Appium][39m   - xcuitest@5.12.2 (automationName 'XCUITest')
[35m[Appium][39m   - uiautomator2@2.35.0 (automationName 'UiAutomator2')
[35m[Appium][39m No plugins have been installed. Use the "appium plugin" command to install the one(s) you want to use.
[38;5;0m[HTTP][0m [37m-->[39m [37mGET[39m [37m/wd/hub/status[39m
[38;5;0m[HTTP][0m [90m{}[39m
[38;5;0m[HTTP][0m [37m<-- GET /wd/hub/status [39m[32m200[39m [90m11 ms - 110[39m
[38;5;0m[HTTP][0m [90m[39m
[38;5;0m[HTTP][0m [37m-->[39m [37mGET[39m [37m/wd/hub/status[39m
[38;5;0m[HTTP][0m [90m{}[39m
[38;5;0m[HTTP][0m [37m<-- GET /wd/hub/status [39m[32m200[39m [90m1 ms - 110[39m
[38;5;0m[HTTP][0m [90m[39m
[38;5;0m[HTTP][0m [37m-->[39m [37mPOST[39m [37m/wd/hub/session[39m
[38;5;0m[HTTP][0m [90m{"desiredCapabilities":{"appium:systemPort":8228,"appium:newCommandTimeout":1800,"appium:automationName":"uiautomator2","appium:platformVersion":"13","appium:deviceId":"767c89fb","appium:udid":"767c89fb","appium:autoGrantPermissions":true,"appium:platformName":"ANDROID","appium:appActivity":".Settings","appium:deviceName":"Xiaomi 2201117TG (Android 13)","platformName":"Android","appium:appPackage":"com.android.settings"},"capabilities":{"firstMatch":[{"appium:appActivity":".Settings","appium:appPackage":"com.android.settings","appium:autoGrantPermissions":true,"appium:automationName":"uiautomator2","appium:deviceId":"767c89fb","appium:deviceName":"Xiaomi 2201117TG (Android 13)","appium:newCommandTimeout":1800,"appium:platformName":"ANDROID","appium:platformVersion":"13","appium:systemPort":8228,"appium:udid":"767c89fb","platformName":"android"}]}}[39m
[38;5;32m[BaseDriver][0m Ignoring capability 'appium:platformName=ANDROID' and using capability 'platformName=android'
[38;5;32m[BaseDriver][0m The capabilities ["platformName"] are standard capabilities and do not require "appium:" prefix
[35m[Appium][39m Attempting to find matching driver for automationName 'uiautomator2' and platformName 'android'
[35m[Appium][39m The 'uiautomator2' driver was installed and matched caps.
[35m[Appium][39m Will require it at C:\Users\Kenshi\.appium\node_modules\appium-uiautomator2-driver
[38;5;16m[AppiumDriver@ec85][0m Appium v2.2.3 creating new AndroidUiautomator2Driver (v2.35.0) session
[38;5;16m[AppiumDriver@ec85][0m Checking BaseDriver versions for Appium and AndroidUiautomator2Driver
[38;5;16m[AppiumDriver@ec85][0m Appium's BaseDriver version is 9.4.3
[38;5;16m[AppiumDriver@ec85][0m AndroidUiautomator2Driver's BaseDriver version is 9.4.3
[38;5;48m[AndroidUiautomator2Driver@9cea][0m The following provided capabilities were not recognized by this driver:
[38;5;48m[AndroidUiautomator2Driver@9cea][0m   deviceId
[38;5;48m[AndroidUiautomator2Driver@9cea (e71006f9)][0m Session created with session id: e71006f9-4ea1-4d8b-be15-586761107702
[38;5;48m[AndroidUiautomator2Driver@9cea (e71006f9)][0m Starting 'com.android.settings' directly on the device
[38;5;64m[ADB][0m Found 1 'build-tools' folders under 'C:\Users\Kenshi\.katalon\tools\android_sdk' (newest first):
[38;5;64m[ADB][0m     C:\Users\Kenshi\.katalon\tools\android_sdk\build-tools\29.0.3
[38;5;64m[ADB][0m Using 'adb.exe' from 'C:\Users\Kenshi\.katalon\tools\android_sdk\platform-tools\adb.exe'
[38;5;80m[AndroidDriver][0m Retrieving device list
[38;5;80m[AndroidDriver][0m Using device: 767c89fb
[38;5;64m[ADB][0m Using 'adb.exe' from 'C:\Users\Kenshi\.katalon\tools\android_sdk\platform-tools\adb.exe'
[38;5;64m[ADB][0m Getting device platform version
[38;5;48m[AndroidUiautomator2Driver@9cea (e71006f9)][0m Relaxing hidden api policy
[38;5;80m[AndroidDriver][0m No app sent in, not parsing package/activity
[38;5;64m[ADB][0m Using 'apksigner.jar' from 'C:\Users\Kenshi\.katalon\tools\android_sdk\build-tools\29.0.3\lib\apksigner.jar'
[38;5;64m[ADB][0m 'C:\Users\Kenshi\.appium\node_modules\appium-uiautomator2-driver\node_modules\appium-uiautomator2-server\apks\appium-uiautomator2-server-debug-androidTest.apk' is signed with the default certificate
[38;5;64m[ADB][0m 'C:\Users\Kenshi\.appium\node_modules\appium-uiautomator2-driver\node_modules\appium-uiautomator2-server\apks\appium-uiautomator2-server-v5.12.17.apk' is signed with the default certificate
[38;5;48m[AndroidUiautomator2Driver@9cea (e71006f9)][0m Server packages are not going to be (re)installed
[38;5;64m[ADB][0m Adding packages ["io.appium.settings","io.appium.uiautomator2.server","io.appium.uiautomator2.server.test"] to Doze whitelist
[38;5;48m[AndroidUiautomator2Driver@9cea (e71006f9)][0m Starting UIAutomator2 server 5.12.17
[38;5;48m[AndroidUiautomator2Driver@9cea (e71006f9)][0m Using UIAutomator2 server from 'C:\Users\Kenshi\.appium\node_modules\appium-uiautomator2-driver\node_modules\appium-uiautomator2-server\apks\appium-uiautomator2-server-v5.12.17.apk' and test from 'C:\Users\Kenshi\.appium\node_modules\appium-uiautomator2-driver\node_modules\appium-uiautomator2-server\apks\appium-uiautomator2-server-debug-androidTest.apk'
[38;5;48m[AndroidUiautomator2Driver@9cea (e71006f9)][0m Waiting up to 30000ms for UiAutomator2 to be online...
[38;5;48m[AndroidUiautomator2Driver@9cea (e71006f9)][0m socket hang up
[38;5;48m[AndroidUiautomator2Driver@9cea (e71006f9)][0m socket hang up
[38;5;48m[AndroidUiautomator2Driver@9cea (e71006f9)][0m Determined the downstream protocol as 'W3C'
[38;5;80m[AndroidDriver][0m Screen already unlocked, doing nothing
[38;5;48m[AndroidUiautomator2Driver@9cea (e71006f9)][0m Starting 'com.android.settings/.Settings and waiting for 'com.android.settings/.Settings'
[38;5;16m[AppiumDriver@ec85][0m New AndroidUiautomator2Driver session created successfully, session e71006f9-4ea1-4d8b-be15-586761107702 added to master session list
[38;5;0m[HTTP][0m [37m<-- POST /wd/hub/session [39m[32m200[39m [90m7744 ms - 1118[39m
[38;5;0m[HTTP][0m [90m[39m
[38;5;0m[HTTP][0m [37m-->[39m [37mGET[39m [37m/wd/hub/session/e71006f9-4ea1-4d8b-be15-586761107702[39m
[38;5;0m[HTTP][0m [90m{}[39m
[38;5;0m[HTTP][0m [37m<-- GET /wd/hub/session/e71006f9-4ea1-4d8b-be15-586761107702 [39m[32m200[39m [90m25 ms - 331[39m
[38;5;0m[HTTP][0m [90m[39m
[38;5;0m[HTTP][0m [37m-->[39m [37mGET[39m [37m/wd/hub/session/e71006f9-4ea1-4d8b-be15-586761107702[39m
[38;5;0m[HTTP][0m [90m{}[39m
[38;5;0m[HTTP][0m [37m<-- GET /wd/hub/session/e71006f9-4ea1-4d8b-be15-586761107702 [39m[32m200[39m [90m26 ms - 331[39m
[38;5;0m[HTTP][0m [90m[39m
[38;5;0m[HTTP][0m [37m-->[39m [37mGET[39m [37m/wd/hub/status[39m
[38;5;0m[HTTP][0m [90m{}[39m
[38;5;0m[HTTP][0m [37m<-- GET /wd/hub/status [39m[32m200[39m [90m1 ms - 110[39m
[38;5;0m[HTTP][0m [90m[39m
[38;5;0m[HTTP][0m [37m-->[39m [37mPOST[39m [37m/wd/hub/session/e71006f9-4ea1-4d8b-be15-586761107702/timeouts[39m
[38;5;0m[HTTP][0m [90m{"implicit":60000}[39m
[38;5;0m[HTTP][0m [37m<-- POST /wd/hub/session/e71006f9-4ea1-4d8b-be15-586761107702/timeouts [39m[32m200[39m [90m2 ms - 14[39m
[38;5;0m[HTTP][0m [90m[39m
[38;5;0m[HTTP][0m [37m-->[39m [37mGET[39m [37m/wd/hub/session/e71006f9-4ea1-4d8b-be15-586761107702/appium/device/system_bars[39m
[38;5;0m[HTTP][0m [90m{}[39m
[38;5;0m[HTTP][0m [37m<-- GET /wd/hub/session/e71006f9-4ea1-4d8b-be15-586761107702/appium/device/system_bars [39m[32m200[39m [90m143 ms - 151[39m
[38;5;0m[HTTP][0m [90m[39m
[38;5;0m[HTTP][0m [37m-->[39m [37mPOST[39m [37m/wd/hub/session/e71006f9-4ea1-4d8b-be15-586761107702/appium/device/activate_app[39m
[38;5;0m[HTTP][0m [90m{"bundleId":"com.androidsample.generalstore"}[39m
[38;5;0m[HTTP][0m [37m<-- POST /wd/hub/session/e71006f9-4ea1-4d8b-be15-586761107702/appium/device/activate_app [39m[32m200[39m [90m146 ms - 14[39m
[38;5;0m[HTTP][0m [90m[39m
[38;5;0m[HTTP][0m [37m-->[39m [37mGET[39m [37m/wd/hub/session/e71006f9-4ea1-4d8b-be15-586761107702/source[39m
[38;5;0m[HTTP][0m [90m{}[39m
[38;5;48m[AndroidUiautomator2Driver@9cea (e71006f9)][0m Driver proxy active, passing request on via HTTP proxy
[38;5;48m[AndroidUiautomator2Driver@9cea (e71006f9)][0m Replacing sessionId 727512ad-b77d-4c91-80f6-465e250c0d45 with e71006f9-4ea1-4d8b-be15-586761107702
[38;5;0m[HTTP][0m [37m<-- GET /wd/hub/session/e71006f9-4ea1-4d8b-be15-586761107702/source [39m[32m200[39m [90m1517 ms - 11081[39m
[38;5;0m[HTTP][0m [90m[39m
[38;5;0m[HTTP][0m [37m-->[39m [37mGET[39m [37m/wd/hub/session/e71006f9-4ea1-4d8b-be15-586761107702/screenshot[39m
[38;5;0m[HTTP][0m [90m{}[39m
[38;5;0m[HTTP][0m [37m<-- GET /wd/hub/session/e71006f9-4ea1-4d8b-be15-586761107702/screenshot [39m[32m200[39m [90m1323 ms - 638980[39m
[38;5;0m[HTTP][0m [90m[39m
[38;5;0m[HTTP][0m [37m-->[39m [37mDELETE[39m [37m/wd/hub/session/e71006f9-4ea1-4d8b-be15-586761107702[39m
[38;5;0m[HTTP][0m [90m{}[39m
[38;5;16m[AppiumDriver@ec85][0m Removing session e71006f9-4ea1-4d8b-be15-586761107702 from our master session list
[38;5;48m[AndroidUiautomator2Driver@9cea (e71006f9)][0m Restoring hidden api policy to the device default configuration
[38;5;0m[HTTP][0m [37m<-- DELETE /wd/hub/session/e71006f9-4ea1-4d8b-be15-586761107702 [39m[32m200[39m [90m484 ms - 14[39m
[38;5;0m[HTTP][0m [90m[39m
